Arguments: 
  /home/lum/.nvm/versions/node/v17.8.0/bin/node /home/lum/.nvm/versions/node/v17.8.0/bin/yarn install

PATH: 
  /home/lum/.vscode-server/bin/dfd34e8260c270da74b5c2d86d61aee4b6d56977/bin/remote-cli:/home/lum/.local/bin:/home/lum/.cargo/bin:/home/lum/.nvm/versions/node/v17.8.0/bin:/usr/local/sbin:/usr/local/bin:/usr/sbin:/usr/bin:/sbin:/bin:/usr/games:/usr/local/games:/usr/lib/wsl/lib:/mnt/c/Windows/system32:/mnt/c/Windows:/mnt/c/Windows/System32/Wbem:/mnt/c/Windows/System32/WindowsPowerShell/v1.0/:/mnt/c/Windows/System32/OpenSSH/:/mnt/c/Program Files/dotnet/:/mnt/c/Program Files/Git/cmd:/mnt/c/Program Files (x86)/NVIDIA Corporation/PhysX/Common:/mnt/c/Program Files/NVIDIA Corporation/NVIDIA NvDLISR:/mnt/c/Program Files/PuTTY/:/mnt/c/Program Files (x86)/GnuPG/bin:/mnt/c/Program Files/Docker/Docker/resources/bin:/mnt/c/ProgramData/DockerDesktop/version-bin:/mnt/c/Program Files/Airshipper/:/mnt/c/Users/lum/AppData/Local/pnpm:/mnt/c/Users/lum/scoop/apps/gpg/current/bin:/mnt/c/Users/lum/scoop/apps/python/current/Scripts:/mnt/c/Users/lum/scoop/apps/python/current:/mnt/c/Users/lum/scoop/apps/latex/current/texmfs/install/miktex/bin/x64:/mnt/c/Users/lum/.cargo/bin:/mnt/c/Users/lum/scoop/shims:/mnt/c/Users/max14/AppData/Local/Programs/Python/Python310/Scripts/:/mnt/c/Users/max14/AppData/Local/Programs/Python/Python310/:/mnt/c/Users/lum/AppData/Local/Microsoft/WindowsApps:/mnt/c/Users/max14/AppData/Local/Programs/Microsoft VS Code/bin:/mnt/c/Program Files/JetBrains/IntelliJ IDEA 2021.3.2/bin:/mnt/c/Users/lum/AppData/Local/Programs/Microsoft VS Code/bin:/snap/bin

Yarn version: 
  1.22.18

Node version: 
  17.8.0

Platform: 
  linux x64

Trace: 
  SyntaxError: /home/lum/.cache/yarn/v6/npm-playwright-core-1.21.1-2757be7921576f047c0a622194dc45f4e1962e17-integrity/node_modules/playwright-core/.yarn-metadata.json: Unexpected end of JSON input
      at JSON.parse (<anonymous>)
      at /home/lum/.nvm/versions/node/v17.8.0/lib/node_modules/yarn/lib/cli.js:1625:59
      at Generator.next (<anonymous>)
      at step (/home/lum/.nvm/versions/node/v17.8.0/lib/node_modules/yarn/lib/cli.js:310:30)
      at /home/lum/.nvm/versions/node/v17.8.0/lib/node_modules/yarn/lib/cli.js:321:13

npm manifest: 
  {
  	"name": "stage-striker",
  	"version": "0.0.1",
  	"scripts": {
  		"dev": "svelte-kit dev",
  		"build": "svelte-kit build",
  		"package": "svelte-kit package",
  		"preview": "svelte-kit preview",
  		"prepare": "svelte-kit sync",
  		"test": "playwright test",
  		"check": "svelte-check --tsconfig ./tsconfig.json",
  		"check:watch": "svelte-check --tsconfig ./tsconfig.json --watch",
  		"lint": "prettier --ignore-path .gitignore --check --plugin-search-dir=. . && eslint --ignore-path .gitignore .",
  		"format": "prettier --ignore-path .gitignore --write --plugin-search-dir=. ."
  	},
  	"devDependencies": {
  		"@playwright/test": "^1.21.0",
  		"@sveltejs/adapter-auto": "next",
  		"@sveltejs/kit": "next",
  		"@typescript-eslint/eslint-plugin": "^5.10.1",
  		"@typescript-eslint/parser": "^5.10.1",
  		"eslint": "^8.12.0",
  		"eslint-config-prettier": "^8.3.0",
  		"eslint-plugin-svelte3": "^4.0.0",
  		"prettier": "^2.5.1",
  		"prettier-plugin-svelte": "^2.5.0",
  		"svelte": "^3.44.0",
  		"svelte-check": "^2.2.6",
  		"svelte-preprocess": "^4.10.5",
  		"tslib": "^2.3.1",
  		"typescript": "~4.6.2",
  		"postcss": "^8.4.12",
  		"postcss-load-config": "^3.1.4",
  		"autoprefixer": "^10.4.4",
  		"tailwindcss": "^3.0.23"
  	},
  	"type": "module"
  }

yarn manifest: 
  No manifest

Lockfile: 
  
